<?xml version="1.0" encoding="UTF-8"?>
<!-- Generated by org.testng.reporters.JUnitReportReporter -->
<testsuite hostname="JEYALAKSHMI" failures="0" tests="1" name="com.simplilearn.demo.Logintest" time="2.391" errors="0" timestamp="2022-10-03T14:30:58 IST" skipped="0">
  <testcase classname="com.simplilearn.demo.Logintest" name="facebook" time="2.391"/>
  <system-out/>
</testsuite> <!-- com.simplilearn.demo.Logintest -->
