<?xml version="1.0" encoding="UTF-8"?>
<!-- Generated by org.testng.reporters.JUnitReportReporter -->
<testsuite hostname="JEYALAKSHMI" failures="0" tests="4" name="ecommerce.Automation" time="155.788" errors="0" timestamp="2022-10-11T10:28:40 IST" skipped="0">
  <testcase classname="ecommerce.Automation" name="f" time="29.251"/>
  <testcase classname="ecommerce.Automation" name="firefox" time="120.508"/>
  <testcase classname="ecommerce.Automation" name="LaunchFirefox" time="4.009"/>
  <testcase classname="ecommerce.Automation" name="LaunchChrome" time="2.020"/>
</testsuite> <!-- ecommerce.Automation -->
