<?xml version="1.0" encoding="UTF-8"?>
<!-- Generated by org.testng.reporters.JUnitReportReporter -->
<testsuite hostname="JEYALAKSHMI" failures="0" tests="4" name="ecommerce.Automation" time="119.284" errors="0" timestamp="2022-10-11T12:13:21 IST" skipped="0">
  <testcase classname="ecommerce.Automation" name="f" time="63.578"/>
  <testcase classname="ecommerce.Automation" name="firefox" time="49.672"/>
  <testcase classname="ecommerce.Automation" name="LaunchFirefox" time="4.008"/>
  <testcase classname="ecommerce.Automation" name="LaunchChrome" time="2.026"/>
</testsuite> <!-- ecommerce.Automation -->
