<?xml version="1.0" encoding="UTF-8"?>
<!-- Generated by org.testng.reporters.JUnitReportReporter -->
<testsuite hostname="JEYALAKSHMI" failures="0" tests="1" name="com.simplilearn.demo.FacebookLogin" time="9.209" errors="0" timestamp="2022-09-28T17:15:49 IST" skipped="0">
  <testcase classname="com.simplilearn.demo.FacebookLogin" name="facebook" time="9.209"/>
  <system-out/>
</testsuite> <!-- com.simplilearn.demo.FacebookLogin -->
